[debug] [2025-04-09T21:24:40.437Z] ----------------------------------------------------------------------
[debug] [2025-04-09T21:24:40.444Z] Command:       C:\Program Files\nodejs\node.exe C:\Users\jjaue\AppData\Roaming\npm\node_modules\firebase-tools\lib\bin\firebase.js deploy --only hosting
[debug] [2025-04-09T21:24:40.446Z] CLI Version:   13.3.1
[debug] [2025-04-09T21:24:40.447Z] Platform:      win32
[debug] [2025-04-09T21:24:40.447Z] Node Version:  v22.14.0
[debug] [2025-04-09T21:24:40.448Z] Time:          Wed Apr 09 2025 14:24:40 GMT-0700 (Pacific Daylight Time)
[debug] [2025-04-09T21:24:40.448Z] ----------------------------------------------------------------------
[debug] 
[debug] [2025-04-09T21:24:40.456Z] >>> [apiv2][query] GET https://firebase-public.firebaseio.com/cli.json [none]
[debug] [2025-04-09T21:24:40.761Z] > command requires scopes: ["email","openid","https://www.googleapis.com/auth/cloudplatformprojects.readonly","https://www.googleapis.com/auth/firebase","https://www.googleapis.com/auth/cloud-platform"]
[debug] [2025-04-09T21:24:40.762Z] > authorizing via signed-in user (jjauer95@gmail.com)
[debug] [2025-04-09T21:24:40.762Z] [iam] checking project thewall-3de3b for permissions ["firebase.projects.get","firebasehosting.sites.update"]
[debug] [2025-04-09T21:24:40.765Z] > refreshing access token with scopes: []
[debug] [2025-04-09T21:24:40.768Z] >>> [apiv2][query] POST https://www.googleapis.com/oauth2/v3/token [none]
[debug] [2025-04-09T21:24:40.769Z] >>> [apiv2][body] POST https://www.googleapis.com/oauth2/v3/token [omitted]
[debug] [2025-04-09T21:24:40.963Z] <<< [apiv2][status] POST https://www.googleapis.com/oauth2/v3/token 200
[debug] [2025-04-09T21:24:40.964Z] <<< [apiv2][body] POST https://www.googleapis.com/oauth2/v3/token [omitted]
[debug] [2025-04-09T21:24:40.970Z] >>> [apiv2][query] POST https://cloudresourcemanager.googleapis.com/v1/projects/thewall-3de3b:testIamPermissions [none]
[debug] [2025-04-09T21:24:40.970Z] >>> [apiv2][(partial)header] POST https://cloudresourcemanager.googleapis.com/v1/projects/thewall-3de3b:testIamPermissions x-goog-quota-user=projects/thewall-3de3b
[debug] [2025-04-09T21:24:40.970Z] >>> [apiv2][body] POST https://cloudresourcemanager.googleapis.com/v1/projects/thewall-3de3b:testIamPermissions {"permissions":["firebase.projects.get","firebasehosting.sites.update"]}
[debug] [2025-04-09T21:24:41.017Z] <<< [apiv2][status] GET https://firebase-public.firebaseio.com/cli.json 200
[debug] [2025-04-09T21:24:41.017Z] <<< [apiv2][body] GET https://firebase-public.firebaseio.com/cli.json {"cloudBuildErrorAfter":1594252800000,"cloudBuildWarnAfter":1590019200000,"defaultNode10After":1594252800000,"minVersion":"3.0.5","node8DeploysDisabledAfter":1613390400000,"node8RuntimeDisabledAfter":1615809600000,"node8WarnAfter":1600128000000}
[debug] [2025-04-09T21:24:41.291Z] <<< [apiv2][status] POST https://cloudresourcemanager.googleapis.com/v1/projects/thewall-3de3b:testIamPermissions 200
[debug] [2025-04-09T21:24:41.292Z] <<< [apiv2][body] POST https://cloudresourcemanager.googleapis.com/v1/projects/thewall-3de3b:testIamPermissions {}
[debug] [2025-04-09T21:24:41.292Z] [iam] error while checking permissions, command may fail: FirebaseError: Authorization failed. This account is missing the following required permissions on project thewall-3de3b:

  firebase.projects.get
  firebasehosting.sites.update
[debug] [2025-04-09T21:24:41.293Z] >>> [apiv2][query] GET https://firebase.googleapis.com/v1beta1/projects/thewall-3de3b [none]
[debug] [2025-04-09T21:24:41.780Z] <<< [apiv2][status] GET https://firebase.googleapis.com/v1beta1/projects/thewall-3de3b 403
[debug] [2025-04-09T21:24:41.780Z] <<< [apiv2][body] GET https://firebase.googleapis.com/v1beta1/projects/thewall-3de3b {"error":{"code":403,"message":"The caller does not have permission","status":"PERMISSION_DENIED"}}
[debug] [2025-04-09T21:24:41.780Z] HTTP Error: 403, The caller does not have permission
[error] 
[error] Error: Assertion failed: resolving hosting target of a site with no site name or target name. This should have caused an error earlier
